2020-02-09 09:49:01,373 INFO: 验证登录状态...
2020-02-09 09:49:04,941 INFO: 第 1 次再尝试验证cookie...
2020-02-09 09:49:04,943 INFO: 正在尝试从历史讯息中恢复...
2020-02-09 09:49:05,521 INFO: 登录成功!
2020-02-09 09:49:05,523 INFO: 当前轮询速度为 1.400000 秒/次
2020-02-09 09:49:06,930 INFO: 第 1 次查询:
2020-02-09 09:49:07,234 INFO: 监控的 29 个商品无货
2020-02-09 09:49:08,342 INFO: 第 2 次查询:
2020-02-09 09:49:08,584 INFO: 监控的 29 个商品无货
2020-02-09 09:49:09,742 INFO: 第 3 次查询:
2020-02-09 09:49:09,943 INFO: 监控的 29 个商品无货
2020-02-09 09:49:11,150 INFO: 第 4 次查询:
2020-02-09 09:49:11,379 INFO: 监控的 29 个商品无货
2020-02-09 09:49:11,432 INFO: 已停止监控
2020-02-09 09:49:32,720 INFO: 验证登录状态...
2020-02-09 09:49:33,470 INFO: 登录成功!
2020-02-09 09:49:33,471 INFO: 当前轮询速度为 1.400000 秒/次
2020-02-09 09:49:34,868 INFO: 第 5 次查询:
2020-02-09 09:49:38,258 INFO: 监控的 29 个商品无货
2020-02-09 09:49:38,518 INFO: 2212621 编号商品状态: 现货
2020-02-09 09:49:38,519 INFO: 2212621 编号商品有货啦! 马上下单
2020-02-09 09:49:38,519 INFO: 第[1/2]次尝试提交订单...
2020-02-09 09:49:40,612 INFO: 2212621 编号商品已成功加入购物车
2020-02-09 09:49:41,019 INFO: 当前购物车信息: {'2212621': {'name': '得力(deli)0.5mm学生活动自动铅笔套装 (笔+铅芯)S713', 'verder_id': '8888', 'count': 1, 'unit_price': '7.90', 'total_price': '7.90', 'is_selected': True, 'p_type': '11', 'target_id': '50071117105', 'promo_id': '50071117105'}}